<?xml version="1.0" encoding="UTF-8"?>
<!-- Generated by org.testng.reporters.JUnitReportReporter -->
<testsuite hostname="DESKTOP-UAR3TIG" failures="0" tests="2" name="mavenforJenkins.Facebook" time="22.397" errors="0" timestamp="28 Sep 2021 18:20:24 GMT" skipped="0">
  <testcase classname="mavenforJenkins.Facebook" name="launch" time="13.834"/>
  <testcase classname="mavenforJenkins.Facebook" name="login" time="8.563"/>
</testsuite> <!-- mavenforJenkins.Facebook -->
